<?xml version="1.0" encoding="UTF-8"?>
<!-- Generated by org.testng.reporters.JUnitReportReporter -->
<testsuite skipped="0" hostname="Pashas-MacBook-Pro.local" name="page.sites.AmazonMainTest" tests="3" failures="0" timestamp="11 Feb 2019 01:34:31 GMT" time="14.116" errors="0">
  <testcase name="cSearchItem" time="11.964" classname="page.sites.AmazonMainTest"/>
  <testcase name="aMainLogin" time="0.022" classname="page.sites.AmazonMainTest"/>
  <testcase name="dAddItem" time="2.130" classname="page.sites.AmazonMainTest"/>
</testsuite> <!-- page.sites.AmazonMainTest -->
